     diagonalizing the dynamical matrix ...

 q =       0.0000      0.0000      0.0000
 **************************************************************************
     freq (    1) =      -0.000000 [THz] =      -0.000004 [cm-1]
 (  0.000000   0.000000     0.409482   0.000000     0.576476   0.000000   )
 (  0.000000   0.000000     0.409482   0.000000     0.576476   0.000000   )
     freq (    2) =       0.000000 [THz] =       0.000002 [cm-1]
 (  0.000000   0.000000    -0.576476   0.000000     0.409482   0.000000   )
 (  0.000000   0.000000    -0.576476   0.000000     0.409482   0.000000   )
     freq (    3) =       0.000000 [THz] =       0.000003 [cm-1]
 (  0.707107   0.000000     0.000000   0.000000     0.000000   0.000000   )
 (  0.707107  -0.000000     0.000000   0.000000     0.000000   0.000000   )
     freq (    4) =      11.807521 [THz] =     393.856523 [cm-1]
 (  0.000000   0.000000     0.000000   0.000000    -0.940852   0.000000   )
 (  0.000000   0.000000     0.000000   0.000000     0.338817   0.000000   )
     freq (    5) =      11.807521 [THz] =     393.856523 [cm-1]
 (  0.000000   0.000000    -0.940852   0.000000    -0.000000   0.000000   )
 (  0.000000   0.000000     0.338817   0.000000     0.000000   0.000000   )
     freq (    6) =      12.896872 [THz] =     430.193343 [cm-1]
 ( -0.940852   0.000000     0.000000   0.000000     0.000000   0.000000   )
 (  0.338817   0.000000     0.000000   0.000000     0.000000   0.000000   )
 **************************************************************************
